<?xml version="1.0" encoding="UTF-8"?>
<testsuite xmlns:xsi="http://www.w3.org/2001/XMLSchema-instance" xsi:noNamespaceSchemaLocation="https://maven.apache.org/surefire/maven-surefire-plugin/xsd/surefire-test-report.xsd" name="org.mps.deque.DoublyLinkedListDequeTest" time="0.102" tests="28" errors="0" skipped="0" failures="0">
  <properties>
[...]
</properties>
  <testcase name="listaTresElementosFirst" classname="org.mps.deque.DoublyLinkedListDequeTest" time="0.041"/>
  <testcase name="listaTresElementosLast" classname="org.mps.deque.DoublyLinkedListDequeTest" time="0"/>
  <testcase name="listaTresElementosSize" classname="org.mps.deque.DoublyLinkedListDequeTest" time="0.001"/>
  <testcase name="listaUnElementoBorrarPrimero" classname="org.mps.deque.DoublyLinkedListDequeTest" time="0.001"/>
  <testcase name="listaDosElementosDeleteLast" classname="org.mps.deque.DoublyLinkedListDequeTest" time="0.001"/>
  <testcase name="listaUnElementoAñadirAlPrincipio" classname="org.mps.deque.DoublyLinkedListDequeTest" time="0.001"/>
  <testcase name="listaVaciaBorrarUltimo" classname="org.mps.deque.DoublyLinkedListDequeTest" time="0.003"/>
  <testcase name="listaDosElementosLast" classname="org.mps.deque.DoublyLinkedListDequeTest" time="0.001"/>
  <testcase name="listaDosElementosSize" classname="org.mps.deque.DoublyLinkedListDequeTest" time="0.001"/>
  <testcase name="listaDosElementosAñadirAlPrincipio" classname="org.mps.deque.DoublyLinkedListDequeTest" time="0.001"/>
  <testcase name="listaVaciaLast" classname="org.mps.deque.DoublyLinkedListDequeTest" time="0.001"/>
  <testcase name="listaVaciaSize" classname="org.mps.deque.DoublyLinkedListDequeTest" time="0.001"/>
  <testcase name="listaVaciaBorrarPrimero" classname="org.mps.deque.DoublyLinkedListDequeTest" time="0.001"/>
  <testcase name="listaTresElementosAñadirAlFinal" classname="org.mps.deque.DoublyLinkedListDequeTest" time="0.001"/>
  <testcase name="listaUnElementoAñadirAlFinal" classname="org.mps.deque.DoublyLinkedListDequeTest" time="0.001"/>
  <testcase name="listaUnElementoBorrarUltimo" classname="org.mps.deque.DoublyLinkedListDequeTest" time="0.001"/>
  <testcase name="listaDosElementosAñadirAlFinal" classname="org.mps.deque.DoublyLinkedListDequeTest" time="0.001"/>
  <testcase name="listaDosElementosFirst" classname="org.mps.deque.DoublyLinkedListDequeTest" time="0.001"/>
  <testcase name="listaDosElementosDeleteFirst" classname="org.mps.deque.DoublyLinkedListDequeTest" time="0.001"/>
  <testcase name="listaVaciaAñadirAlFinal" classname="org.mps.deque.DoublyLinkedListDequeTest" time="0.001"/>
  <testcase name="listaUnElementoLast" classname="org.mps.deque.DoublyLinkedListDequeTest" time="0"/>
  <testcase name="listaUnElementoSize" classname="org.mps.deque.DoublyLinkedListDequeTest" time="0"/>
  <testcase name="listaVaciaAñadirAlPrincipio" classname="org.mps.deque.DoublyLinkedListDequeTest" time="0"/>
  <testcase name="listaVaciaFirst" classname="org.mps.deque.DoublyLinkedListDequeTest" time="0"/>
  <testcase name="listaTresElementosDeleteFirst" classname="org.mps.deque.DoublyLinkedListDequeTest" time="0.002"/>
  <testcase name="listaUnElementoFirst" classname="org.mps.deque.DoublyLinkedListDequeTest" time="0.001"/>
  <testcase name="listaTresElementosAñadirAlPrincipio" classname="org.mps.deque.DoublyLinkedListDequeTest" time="0"/>
  <testcase name="listaTresElementosDeleteLast" classname="org.mps.deque.DoublyLinkedListDequeTest" time="0"/>
</testsuite>